[debug] > Exec(early(addDefaultCommands), None, None)
[debug] > Exec(addDefaultCommands, None, None)
[debug] > Exec(early(initialize), None, None)
[debug] > Exec(initialize, None, None)
[debug] > Exec(boot, None, None)
[debug] > Exec(writeSbtVersion, None, None)
[debug] > Exec(reload, None, None)
[debug] > Exec(sbtStashOnFailure, None, None)
[debug] > Exec(onFailure loadFailed, None, None)
[debug] > Exec(loadp, None, None)
[info] welcome to sbt 1.8.2 (Oracle Corporation Java 18.0.2)
[debug] Load.defaultLoad until apply took 86.495743ms
[debug]           Load.loadUnit: plugins took 69.072789ms
[debug]           Load.loadUnit: defsScala took 0.176731ms
[debug] [Loading] Scanning directory /Users/mac/Workspace/learningscala/Scala-Week4/project
[debug] [Loading] Found non-root projects 
[debug] [Loading] Done in /Users/mac/Workspace/learningscala/Scala-Week4/project, returning: ()
[debug] deducing auto plugins based on known facts Set(Atom(sbt.plugins.CorePlugin)) and clauses Clauses(Clause(Atom(sbt.plugins.JvmPlugin),Set(Atom(sbt.plugins.IvyPlugin)))
[debug] Clause(Atom(sbt.ScriptedPlugin),Set(Atom(sbt.plugins.JvmPlugin)))
[debug] Clause(Atom(sbt.plugins.SbtPlugin),Set(Atom(sbt.ScriptedPlugin)))
[debug] Clause(Atom(sbt.plugins.SemanticdbPlugin),Set(Atom(sbt.plugins.JvmPlugin)))
[debug] Clause(Atom(sbt.plugins.JUnitXmlReportPlugin),Set(Atom(sbt.plugins.JvmPlugin)))
[debug] Clause(Atom(sbt.plugins.MiniDependencyTreePlugin),Set(Atom(sbt.plugins.JvmPlugin)))
[debug] Clause(Atom(sbt.plugins.CorePlugin),Set(Atom(sbt.plugins.IvyPlugin)))
[debug] Clause(Atom(sbt.plugins.IvyPlugin),Set(Atom(sbt.plugins.JvmPlugin)))
[debug] Clause(Atom(sbt.plugins.JvmPlugin),Set(Atom(sbt.plugins.SemanticdbPlugin)))
[debug] Clause(Atom(sbt.plugins.JvmPlugin),Set(Atom(sbt.plugins.JUnitXmlReportPlugin)))
[debug] Clause(Atom(sbt.plugins.CorePlugin),Set(Atom(sbt.plugins.Giter8TemplatePlugin)))
[debug] Clause(Atom(sbt.plugins.JvmPlugin),Set(Atom(sbt.plugins.MiniDependencyTreePlugin))))
[debug]   :: deduced result: Matched(sbt.plugins.CorePlugin,sbt.plugins.Giter8TemplatePlugin,sbt.plugins.IvyPlugin,sbt.plugins.JvmPlugin,sbt.plugins.MiniDependencyTreePlugin,sbt.plugins.JUnitXmlReportPlugin,sbt.plugins.SemanticdbPlugin)
[debug] Plugins.deducer#function took 13.348847 ms
[debug]               Load.resolveProject(scala-week4-build) took 32.719974ms
[debug]             Load.loadTransitive: finalizeProject(Project(id scala-week4-build, base: /Users/mac/Workspace/learningscala/Scala-Week4/project, plugins: List(<none>))) took 62.345989ms
[debug] [Loading] Done in /Users/mac/Workspace/learningscala/Scala-Week4/project, returning: (scala-week4-build)
[debug]           Load.loadUnit: loadedProjectsRaw took 77.52355ms
[debug]           Load.loadUnit: cleanEvalClasses took 0.173994ms
[debug]         Load.loadUnit(file:/Users/mac/Workspace/learningscala/Scala-Week4/project/, ...) took 150.690489ms
[debug]       Load.apply: load took 387.084003ms
[debug]       Load.apply: resolveProjects took 5.165027ms
[debug]       Load.apply: finalTransforms took 55.630908ms
[debug]       Load.apply: config.delegates took 5.236009ms
[debug]       Load.apply: Def.make(settings)... took 310.553211ms
[debug]       Load.apply: structureIndex took 78.18654ms
[debug]       Load.apply: mkStreams took 0.954875ms
[info] loading project definition from /Users/mac/Workspace/learningscala/Scala-Week4/project
[debug] Running task... Cancel: Signal, check cycles: false, forcegc: true
